
---------------------------------------------------
file_name = FEMMeshNetgen.inp
Start at    Tue Mar  4 23:09:02 2025

elset_name              = MaterialSolidSolid
domain_optimized        = True
domain_density          = [2.6999999999999997e-24, 2.7e-18]
domain_thickness        = []
domain_offset           = 0.0
domain_orientation      = []
domain_FI               = None
domain_material         = ['*ELASTIC\n0.069, 0.33\n*DENSITY\n2.7e-24\n*CONDUCTIVITY\n0.000167\n*EXPANSION\n0.0\n*SPECIFIC HEAT\n0.0\n', '*ELASTIC\n69000.0, 0.33\n*DENSITY\n2.7e-18\n*CONDUCTIVITY\n167.0\n*EXPANSION\n0.0\n*SPECIFIC HEAT\n0.0\n']
domain_same_state       = False

elset_name              = MaterialSolid001Solid
domain_optimized        = False
domain_density          = [2.6999999999999997e-24, 2.7e-18]
domain_thickness        = []
domain_offset           = 0.0
domain_orientation      = []
domain_FI               = None
domain_material         = ['*ELASTIC\n0.069, 0.33\n*DENSITY\n2.7e-24\n*CONDUCTIVITY\n0.000167\n*EXPANSION\n0.0\n*SPECIFIC HEAT\n0.0\n', '*ELASTIC\n69000.0, 0.33\n*DENSITY\n2.7e-18\n*CONDUCTIVITY\n167.0\n*EXPANSION\n0.0\n*SPECIFIC HEAT\n0.0\n']
domain_same_state       = False

mass_goal_ratio         = 0.4
continue_from           = 
filter_list             = [['simple', 'auto']]
optimization_base       = stiffness
cpu_cores               = 12
FI_violated_tolerance   = 1
decay_coefficient       = -0.2
shells_as_composite     = False
reference_points        = integration points
reference_value         = max
mass_addition_ratio     = 0.015
mass_removal_ratio      = 0.03
ratio_type              = relative
compensate_state_filter = False
sensitivity_averaging   = False
steps_superposition     = []
iterations_limit        = auto
tolerance               = 0.001
displacement_graph      = []
save_iteration_results  = 1
save_solver_files       = 
save_resulting_format   = inp vtk

domains: 2
nodes  : 21918
TRIA3  : 0
TRIA6  : 0
QUAD4  : 0
QUAD8  : 0
TETRA4 : 63791
TETRA10: 0
HEXA8  : 0
HEXA20 : 0
PENTA6 : 0
PENTA15: 0

iterations_limit        = 86
Filtered average element size is 15.089514109886665, filter range set automatically to 30.17902821977333
domain order: 
0) MaterialSolidSolid
1) MaterialSolid001Solid

   i              mass    ener_dens_mean
   0 1.1491200000000013e-11  8.617230923807636e-06
   1 1.114608775869156e-11  8.894645004032208e-06
   2 1.0979072502324169e-11  9.048050310558966e-06
   3 1.0814406630730334e-11  9.20225448231183e-06
   4 1.06522796402374e-11  9.360145921869967e-06
   5 1.0492526095059594e-11  9.532081788228614e-06
   6 1.0335227014450355e-11  9.707409528771333e-06
   7 1.0180473222880437e-11  9.889024904595767e-06
   8 1.0027599458028211e-11  1.0079803454660618e-05
   9 9.87750376489549e-12  1.027102341414734e-05
  10 9.729509601326589e-12  1.0456694317916234e-05
  11 9.583757592323683e-12  1.0666418973673046e-05
  12 9.440711916432751e-12  1.0855991734298016e-05
  13 9.29945394045399e-12  1.1084645620492929e-05
  14 9.159873641866571e-12  1.1262423483762785e-05
  15 9.022280426172993e-12  1.1490211382583334e-05
  16 8.887391585410374e-12  1.1732522412492923e-05
  17 8.753813321130782e-12  1.1961769046420843e-05
  18 8.622214842831783e-12  1.2191024430097806e-05
  19 8.493209281721337e-12  1.2406198942055642e-05
  20 8.36647202328102e-12  1.2614475803502646e-05
  21 8.241386761966658e-12  1.2888278316898358e-05
  22 8.118082811858809e-12  1.314432092625264e-05
  23 7.996451625805184e-12  1.3337038363998254e-05
  24 7.876810986612454e-12  1.3615324445412057e-05
  25 7.757343099467194e-12  1.388877111787616e-05
  26 7.639653665727789e-12  1.4183908564607555e-05
  27 7.526497087757571e-12  1.4439244483254413e-05
  28 7.413468338665757e-12  1.474846555203619e-05
  29 7.302608579334263e-12  1.504737257435215e-05
  30 7.193001797940961e-12  1.5349157899814106e-05
  31 7.0848260648535825e-12  1.5670980385562274e-05
  32 6.9784124346080786e-12  1.5872057944021427e-05
  33 6.874092230276052e-12  1.6246155362045803e-05
  34 6.770661923601069e-12  1.661074404710429e-05
  35 6.6706217150577276e-12  1.6925608094732762e-05
  36 6.570428000324895e-12  1.730512586927185e-05
  37 6.471885958029174e-12  1.763160471880981e-05
  38 6.374743528955489e-12  1.8015976544207558e-05
  39 6.278987218602639e-12  1.823921191115053e-05
  40 6.184681794505524e-12  1.86671905663473e-05
  41 6.092468989800033e-12  1.902382166507883e-05
  42 6.000917183807929e-12  1.9425395932342794e-05
  43 5.9110146647439085e-12  1.9728018432205437e-05
  44 5.822472998158459e-12  1.9797794123872964e-05
  45 5.735043415988206e-12  2.012858800340898e-05
  46 5.648846649914699e-12  2.0204348383393594e-05
  47 5.56450769367118e-12  2.053713334348044e-05
  48 5.481832998555625e-12  2.0954139699070254e-05
  49 5.399329430485828e-12  2.153417138135734e-05
  50 5.318213930937545e-12  2.233415248960874e-05
  51 5.237862603892804e-12  2.2643804072680078e-05
  52 5.1596979380738714e-12  2.369831917016065e-05
  53 5.082126075341654e-12  2.389555147951666e-05
  54 5.006122971618256e-12  2.4141161945372495e-05
  55 4.93090942862163e-12  2.4729026103431282e-05
  56 4.85744899724023e-12  2.5217128252884095e-05
  57 4.7847959719651265e-12  2.5760953094063362e-05
  58 4.712497960853299e-12  2.6288866763500786e-05
  59 4.642166793030264e-12  2.7416888000858077e-05
  60 4.595642895849789e-12  2.7499949869642176e-05
  61 4.59630185748975e-12  2.752189599085854e-05
  62 4.596084312717833e-12  2.7449741837044506e-05
  63 4.596205216491623e-12  2.7462662565980954e-05
  64 4.595784612697223e-12  2.7413990499478905e-05
  65 4.5959475049485585e-12  2.741664266166587e-05
  66 4.596296394613001e-12  2.7390935848052543e-05
  67 4.596368786251247e-12  2.7398368762500246e-05
  68 4.59540115663597e-12  2.7385778743579028e-05
  69 4.596209633308721e-12  2.7387683055317464e-05
  70 4.596255214241148e-12  2.7381023994733146e-05
  71 4.596008407377469e-12  2.7385925080359445e-05

Finished at  Tue Mar  4 23:16:18 2025
Total time   0 h 7 min 16 s

